<?xml version="1.0" encoding="UTF-8"?>
<!-- Generated by org.testng.reporters.JUnitReportReporter -->
<testsuite hostname="azeunseqas006" failures="0" tests="1" name="com.makemytrip.qa.pagelayer.HomePage" time="4.743" errors="0" timestamp="2025-02-18T12:42:33 UTC" skipped="0">
  <testcase classname="com.makemytrip.qa.pagelayer.HomePage" name="HomePagetest" time="4.743"/>
</testsuite> <!-- com.makemytrip.qa.pagelayer.HomePage -->
